<?xml version="1.0" encoding="UTF-8"?>
<testng-results ignored="0" total="3" passed="3" failed="0" skipped="0">
  <reporter-output>
  </reporter-output>
  <suite started-at="2022-12-30T12:10:02 IST" name="Suite" finished-at="2022-12-30T12:11:26 IST" duration-ms="83734">
    <groups>
    </groups>
    <test started-at="2022-12-30T12:10:02 IST" name="Test" finished-at="2022-12-30T12:11:26 IST" duration-ms="83734">
      <class name="Scripts.testcase1">
        <test-method is-config="true" signature="OpenApp()[pri:0, instance:Scripts.testcase1@1817d444]" started-at="2022-12-30T12:10:02 IST" name="OpenApp" finished-at="2022-12-30T12:10:08 IST" duration-ms="5705" status="PASS">
          <reporter-output>
          </reporter-output>
        </test-method> <!-- OpenApp -->
        <test-method signature="tc1()[pri:0, instance:Scripts.testcase1@1817d444]" started-at="2022-12-30T12:10:08 IST" name="tc1" finished-at="2022-12-30T12:10:19 IST" duration-ms="11043" status="PASS">
          <reporter-output>
          </reporter-output>
        </test-method> <!-- tc1 -->
        <test-method is-config="true" signature="closeApp(org.testng.ITestResult)[pri:0, instance:Scripts.testcase1@1817d444]" started-at="2022-12-30T12:10:19 IST" name="closeApp" finished-at="2022-12-30T12:10:19 IST" duration-ms="285" status="PASS">
          <params>
            <param index="0">
              <value>
                <![CDATA[[TestResult name=tc1 status=SUCCESS method=testcase1.tc1()[pri:0, instance:Scripts.testcase1@1817d444] output={null}]]]>
              </value>
            </param>
          </params>
          <reporter-output>
          </reporter-output>
        </test-method> <!-- closeApp -->
      </class> <!-- Scripts.testcase1 -->
      <class name="Scripts.Testcase2">
        <test-method is-config="true" signature="OpenApp()[pri:0, instance:Scripts.Testcase2@20ce78ec]" started-at="2022-12-30T12:10:19 IST" name="OpenApp" finished-at="2022-12-30T12:10:25 IST" duration-ms="5978" status="PASS">
          <reporter-output>
          </reporter-output>
        </test-method> <!-- OpenApp -->
        <test-method signature="tc2()[pri:0, instance:Scripts.Testcase2@20ce78ec]" started-at="2022-12-30T12:10:25 IST" name="tc2" finished-at="2022-12-30T12:10:55 IST" duration-ms="30096" status="PASS">
          <reporter-output>
          </reporter-output>
        </test-method> <!-- tc2 -->
        <test-method is-config="true" signature="closeApp(org.testng.ITestResult)[pri:0, instance:Scripts.Testcase2@20ce78ec]" started-at="2022-12-30T12:10:55 IST" name="closeApp" finished-at="2022-12-30T12:10:56 IST" duration-ms="331" status="PASS">
          <params>
            <param index="0">
              <value>
                <![CDATA[[TestResult name=tc2 status=SUCCESS method=Testcase2.tc2()[pri:0, instance:Scripts.Testcase2@20ce78ec] output={null}]]]>
              </value>
            </param>
          </params>
          <reporter-output>
          </reporter-output>
        </test-method> <!-- closeApp -->
      </class> <!-- Scripts.Testcase2 -->
      <class name="Scripts.Testcase3">
        <test-method is-config="true" signature="OpenApp()[pri:0, instance:Scripts.Testcase3@393671df]" started-at="2022-12-30T12:10:56 IST" name="OpenApp" finished-at="2022-12-30T12:11:02 IST" duration-ms="5941" status="PASS">
          <reporter-output>
          </reporter-output>
        </test-method> <!-- OpenApp -->
        <test-method signature="tc3()[pri:0, instance:Scripts.Testcase3@393671df]" started-at="2022-12-30T12:11:02 IST" name="tc3" finished-at="2022-12-30T12:11:26 IST" duration-ms="23969" status="PASS">
          <reporter-output>
          </reporter-output>
        </test-method> <!-- tc3 -->
        <test-method is-config="true" signature="closeApp(org.testng.ITestResult)[pri:0, instance:Scripts.Testcase3@393671df]" started-at="2022-12-30T12:11:26 IST" name="closeApp" finished-at="2022-12-30T12:11:26 IST" duration-ms="325" status="PASS">
          <params>
            <param index="0">
              <value>
                <![CDATA[[TestResult name=tc3 status=SUCCESS method=Testcase3.tc3()[pri:0, instance:Scripts.Testcase3@393671df] output={null}]]]>
              </value>
            </param>
          </params>
          <reporter-output>
          </reporter-output>
        </test-method> <!-- closeApp -->
      </class> <!-- Scripts.Testcase3 -->
    </test> <!-- Test -->
  </suite> <!-- Suite -->
</testng-results>
